<?xml version="1.0" encoding="UTF-8"?>
<testsuite name="A new user account can be created if a proper unused username and password are given" tests="7" skipped="0" failures="0" errors="0" timestamp="2020-11-09T15:51:35" hostname="DESKTOP-HDPK91G" time="0.331">
  <properties/>
  <testcase name="creation is successful with valid username and password" classname="A new user account can be created if a proper unused username and password are given" time="0.059"/>
  <testcase name="creation fails with too short username and valid password" classname="A new user account can be created if a proper unused username and password are given" time="0.043"/>
  <testcase name="creation fails with correct username and too short password" classname="A new user account can be created if a proper unused username and password are given" time="0.035"/>
  <testcase name="creation fails when password and password confirmation do not match" classname="A new user account can be created if a proper unused username and password are given" time="0.039"/>
  <testcase name="creation fails when password contains only letters" classname="A new user account can be created if a proper unused username and password are given" time="0.035"/>
  <testcase name="user can login with successfully generated account" classname="A new user account can be created if a proper unused username and password are given" time="0.06"/>
  <testcase name="user can not login with account that is not successfully created" classname="A new user account can be created if a proper unused username and password are given" time="0.06"/>
  <system-out><![CDATA[
Scenario: creation is successful with valid username and password                                       ?[90m# src/test/resources/ohtu/registering.feature:3?[0m
  ?[32mGiven ?[0m?[32mcommand new user is selected?[0m                                                                    ?[90m# ohtu.Stepdefs.newUserIsSelected()?[0m
  ?[32mWhen ?[0m?[32ma valid username ?[0m?[32m?[1m"liisa"?[0m?[32m and password ?[0m?[32m?[1m"salainen1"?[0m?[32m and matching password confirmation are entered?[0m ?[90m# ohtu.Stepdefs.validUsernameAndPasswordAreEntered(java.lang.String,java.lang.String)?[0m
  ?[32mThen ?[0m?[32ma new user is created?[0m                                                                            ?[90m# ohtu.Stepdefs.newUserIsCreated()?[0m

Scenario: creation fails with too short username and valid password                                       ?[90m# src/test/resources/ohtu/registering.feature:8?[0m
  ?[32mGiven ?[0m?[32mcommand new user is selected?[0m                                                                      ?[90m# ohtu.Stepdefs.newUserIsSelected()?[0m
  ?[32mWhen ?[0m?[32ma short username ?[0m?[32m?[1m"p"?[0m?[32m and valid password ?[0m?[32m?[1m"salainen1"?[0m?[32m and matching password confirmation are entered?[0m ?[90m# ohtu.Stepdefs.shortUsernameIsGiven(java.lang.String,java.lang.String)?[0m
  ?[32mThen ?[0m?[32muser is not created and error ?[0m?[32m?[1m"username should have at least 3 characters"?[0m?[32m is reported?[0m             ?[90m# ohtu.Stepdefs.userIsNotCreatedAndErrorIsReported(java.lang.String)?[0m

Scenario: creation fails with correct username and too short password                         ?[90m# src/test/resources/ohtu/registering.feature:13?[0m
  ?[32mGiven ?[0m?[32mcommand new user is selected?[0m                                                          ?[90m# ohtu.Stepdefs.newUserIsSelected()?[0m
  ?[32mWhen ?[0m?[32ma valid username ?[0m?[32m?[1m"uusiTesti"?[0m?[32m and too short password ?[0m?[32m?[1m"heh"?[0m?[32m are entered?[0m                  ?[90m# ohtu.Stepdefs.validUsernameAndShortPasswordAreGiven(java.lang.String,java.lang.String)?[0m
  ?[32mThen ?[0m?[32muser is not created and error ?[0m?[32m?[1m"password should have at least 8 characters"?[0m?[32m is reported?[0m ?[90m# ohtu.Stepdefs.userIsNotCreatedAndErrorIsReported(java.lang.String)?[0m

Scenario: creation fails when password and password confirmation do not match                                                      ?[90m# src/test/resources/ohtu/registering.feature:18?[0m
  ?[32mGiven ?[0m?[32mcommand new user is selected?[0m                                                                                               ?[90m# ohtu.Stepdefs.newUserIsSelected()?[0m
  ?[32mWhen ?[0m?[32ma valid username ?[0m?[32m?[1m"petteri"?[0m?[32m and mismatching password ?[0m?[32m?[1m"Ei taida toimia nytten1"?[0m?[32m and confirmation ?[0m?[32m?[1m"No ei kyl taida2"?[0m?[32m are given?[0m ?[90m# ohtu.Stepdefs.validUsernameAndMismatchingPasswordAndConfirmationAreGiven(java.lang.String,java.lang.String,java.lang.String)?[0m
  ?[32mThen ?[0m?[32muser is not created and error ?[0m?[32m?[1m"password and password confirmation do not match"?[0m?[32m is reported?[0m                                 ?[90m# ohtu.Stepdefs.userIsNotCreatedAndErrorIsReported(java.lang.String)?[0m

Scenario: creation fails when password contains only letters                                                           ?[90m# src/test/resources/ohtu/registering.feature:23?[0m
  ?[32mGiven ?[0m?[32mcommand new user is selected?[0m                                                                                   ?[90m# ohtu.Stepdefs.newUserIsSelected()?[0m
  ?[32mWhen ?[0m?[32ma valid username ?[0m?[32m?[1m"petteri"?[0m?[32m and password ?[0m?[32m?[1m"TarpeeksiPitkaMuttaEiSpesiaalia"?[0m?[32m without a special character are given?[0m ?[90m# ohtu.Stepdefs.validUsernameAndPasswordWithoutSpecialCharacterAreGiven(java.lang.String,java.lang.String)?[0m
  ?[32mThen ?[0m?[32muser is not created and error ?[0m?[32m?[1m"password should have at least one special character"?[0m?[32m is reported?[0m                 ?[90m# ohtu.Stepdefs.userIsNotCreatedAndErrorIsReported(java.lang.String)?[0m

Scenario: user can login with successfully generated account                       ?[90m# src/test/resources/ohtu/registering.feature:28?[0m
  ?[32mGiven ?[0m?[32muser with username ?[0m?[32m?[1m"lea"?[0m?[32m with password ?[0m?[32m?[1m"salainen1"?[0m?[32m is successfully created?[0m ?[90m# ohtu.Stepdefs.validUsernameAndPasswordAreGiven(java.lang.String,java.lang.String)?[0m
  ?[32mAnd ?[0m?[32mlogin is selected?[0m                                                            ?[90m# ohtu.Stepdefs.loginIsSelected()?[0m
  ?[32mWhen ?[0m?[32mcorrect username ?[0m?[32m?[1m"lea"?[0m?[32m and password ?[0m?[32m?[1m"salainen1"?[0m?[32m are given?[0m                   ?[90m# ohtu.Stepdefs.correctUsernameAndPasswordAreGiven(java.lang.String,java.lang.String)?[0m
  ?[32mThen ?[0m?[32muser is logged in?[0m                                                           ?[90m# ohtu.Stepdefs.userIsLoggedIn()?[0m

Scenario: user can not login with account that is not successfully created ?[90m# src/test/resources/ohtu/registering.feature:34?[0m
  ?[32mGiven ?[0m?[32muser with username ?[0m?[32m?[1m"aa"?[0m?[32m and password ?[0m?[32m?[1m"bad"?[0m?[32m is tried to be created?[0m  ?[90m# ohtu.Stepdefs.incorrectUsernameAndPasswordAreGiven(java.lang.String,java.lang.String)?[0m
  ?[32mAnd ?[0m?[32mlogin is selected?[0m                                                    ?[90m# ohtu.Stepdefs.loginIsSelected()?[0m
  ?[32mWhen ?[0m?[32mnonexistent username ?[0m?[32m?[1m"aa"?[0m?[32m and password ?[0m?[32m?[1m"bad"?[0m?[32m are given?[0m              ?[90m# ohtu.Stepdefs.nonexistentUsernameIsGiven(java.lang.String,java.lang.String)?[0m
  ?[32mThen ?[0m?[32muser is not logged in and error message is given?[0m                    ?[90m# ohtu.Stepdefs.userIsNotLoggedInAndErrorMessageIsGiven()?[0m
]]></system-out>
  <system-err><![CDATA[]]></system-err>
</testsuite>
